<?xml version="1.0" encoding="UTF-8"?>
<!-- Generated by org.testng.reporters.JUnitReportReporter -->
<testsuite hostname="Puppy" failures="0" tests="1" name="oct11th.MouseHover" time="16.643" errors="0" timestamp="2023-10-13T07:12:01 IST" skipped="0">
  <testcase classname="oct11th.MouseHover" name="mouseHoverTewst" time="16.643"/>
</testsuite> <!-- oct11th.MouseHover -->
