<?xml version="1.0" encoding="UTF-8"?>
<!-- Generated by org.testng.reporters.JUnitReportReporter -->
<testsuite hostname="Puppy" failures="0" tests="1" name="oct10th.Hello" time="0.007" errors="0" timestamp="2023-10-11T15:38:56 IST" skipped="0">
  <testcase classname="oct10th.Hello" name="helloTest" time="0.007"/>
</testsuite> <!-- oct10th.Hello -->
