<?xml version="1.0" encoding="UTF-8"?>
<!-- Generated by org.testng.reporters.JUnitReportReporter -->
<testsuite hostname="Puppy" failures="0" tests="1" name="oct13th.DragAndDrop" time="45.280" errors="0" timestamp="2023-10-15T14:59:07 IST" skipped="0">
  <testcase classname="oct13th.DragAndDrop" name="mouseHoverTewst" time="45.280"/>
</testsuite> <!-- oct13th.DragAndDrop -->
