<?xml version="1.0" encoding="UTF-8"?>
<!-- Generated by org.testng.reporters.JUnitReportReporter -->
<testsuite hostname="Puppy" failures="0" tests="1" name="oct16th.MultipleWindows" time="33.051" errors="0" timestamp="2023-10-18T06:12:41 IST" skipped="0">
  <testcase classname="oct16th.MultipleWindows" name="multipeWindowsTest" time="33.051"/>
</testsuite> <!-- oct16th.MultipleWindows -->
