<?xml version="1.0" encoding="UTF-8"?>
<!-- Generated by org.testng.reporters.JUnitReportReporter -->
<testsuite hostname="Puppy" failures="0" tests="1" name="oct18th.ClickUsingJs2" time="26.996" errors="0" timestamp="2023-10-23T08:05:11 IST" skipped="0">
  <testcase classname="oct18th.ClickUsingJs2" name="clickJsTest" time="26.996"/>
</testsuite> <!-- oct18th.ClickUsingJs2 -->
