<?xml version="1.0" encoding="UTF-8"?>
<!-- Generated by org.testng.reporters.JUnitReportReporter -->
<testsuite hostname="Puppy" failures="0" tests="1" name="oct19th.FileUpload" time="108.868" errors="0" timestamp="2023-10-20T21:25:41 IST" skipped="0">
  <testcase classname="oct19th.FileUpload" name="fileUploadTest" time="108.868"/>
</testsuite> <!-- oct19th.FileUpload -->
