<?xml version="1.0" encoding="UTF-8"?>
<!-- Generated by org.testng.reporters.JUnitReportReporter -->
<testsuite hostname="Puppy" failures="0" tests="1" name="oct18th.WaitsDemo2" time="11.142" errors="0" timestamp="2023-10-23T10:04:31 IST" skipped="0">
  <testcase classname="oct18th.WaitsDemo2" name="clickJsTest" time="11.142"/>
</testsuite> <!-- oct18th.WaitsDemo2 -->
