<?xml version="1.0" encoding="UTF-8"?>
<!-- Generated by org.testng.reporters.JUnitReportReporter -->
<testsuite hostname="Puppy" failures="0" tests="1" name="oct19th.DynamicWebTable" time="37.947" errors="0" timestamp="2023-10-20T20:18:18 IST" skipped="0">
  <testcase classname="oct19th.DynamicWebTable" name="webTableTest" time="37.947"/>
</testsuite> <!-- oct19th.DynamicWebTable -->
