<?xml version="1.0" encoding="UTF-8"?>
<!-- Generated by org.testng.reporters.JUnitReportReporter -->
<testsuite hostname="Puppy" failures="0" tests="1" name="oct17th.ScreenShotDemo" time="7.097" errors="0" timestamp="2023-10-19T07:11:39 IST" skipped="0">
  <testcase classname="oct17th.ScreenShotDemo" name="alertTest" time="7.097"/>
</testsuite> <!-- oct17th.ScreenShotDemo -->
