<?xml version="1.0" encoding="UTF-8"?>
<!-- Generated by org.testng.reporters.JUnitReportReporter -->
<testsuite hostname="Puppy" failures="0" tests="1" name="oct19th.CheckBox" time="13.483" errors="0" timestamp="2023-10-20T07:01:52 IST" skipped="0">
  <testcase classname="oct19th.CheckBox" name="waitsTest" time="13.483"/>
</testsuite> <!-- oct19th.CheckBox -->
