<?xml version="1.0" encoding="UTF-8"?>
<!-- Generated by org.testng.reporters.JUnitReportReporter -->
<testsuite hostname="Puppy" failures="0" tests="1" name="oct18th.ClickUsingJs" time="10.196" errors="0" timestamp="2023-10-23T07:27:21 IST" skipped="0">
  <testcase classname="oct18th.ClickUsingJs" name="clickJsTest" time="10.196"/>
</testsuite> <!-- oct18th.ClickUsingJs -->
