<?xml version="1.0" encoding="UTF-8"?>
<!-- Generated by org.testng.reporters.JUnitReportReporter -->
<testsuite hostname="Puppy" failures="0" tests="1" name="oct16th.FrameHandling2" time="24.959" errors="0" timestamp="2023-10-18T07:38:53 IST" skipped="0">
  <testcase classname="oct16th.FrameHandling2" name="mouseHoverTewst" time="24.959"/>
</testsuite> <!-- oct16th.FrameHandling2 -->
