<?xml version="1.0" encoding="UTF-8"?>
<!-- Generated by org.testng.reporters.JUnitReportReporter -->
<testsuite hostname="Puppy" failures="0" tests="1" name="oct19th.StaticWebTable" time="39.782" errors="0" timestamp="2023-10-20T19:48:44 IST" skipped="0">
  <testcase classname="oct19th.StaticWebTable" name="webTableTest" time="39.782"/>
</testsuite> <!-- oct19th.StaticWebTable -->
