<?xml version="1.0" encoding="UTF-8"?>
<!-- Generated by org.testng.reporters.JUnitReportReporter -->
<testsuite hostname="Puppy" failures="0" tests="1" name="oct16th.MultipleWindows2" time="31.479" errors="0" timestamp="2023-10-18T06:24:03 IST" skipped="0">
  <testcase classname="oct16th.MultipleWindows2" name="multipeWindowsTest" time="31.479"/>
</testsuite> <!-- oct16th.MultipleWindows2 -->
