<?xml version="1.0" encoding="UTF-8"?>
<!-- Generated by org.testng.reporters.JUnitReportReporter -->
<testsuite hostname="Puppy" failures="0" tests="1" name="oct18th.HighlightElement" time="23.072" errors="0" timestamp="2023-10-23T08:37:36 IST" skipped="0">
  <testcase classname="oct18th.HighlightElement" name="clickJsTest" time="23.072"/>
</testsuite> <!-- oct18th.HighlightElement -->
