<?xml version="1.0" encoding="UTF-8"?>
<!-- Generated by org.testng.reporters.JUnitReportReporter -->
<testsuite hostname="Puppy" failures="0" tests="1" name="oct16th.FrameHandling" time="6.997" errors="0" timestamp="2023-10-18T06:44:34 IST" skipped="0">
  <testcase classname="oct16th.FrameHandling" name="mouseHoverTewst" time="6.997"/>
</testsuite> <!-- oct16th.FrameHandling -->
