<?xml version="1.0" encoding="UTF-8"?>
<!-- Generated by org.testng.reporters.JUnitReportReporter -->
<testsuite hostname="Puppy" failures="0" tests="1" name="oct19th.WaitsDemo3" time="37.501" errors="0" timestamp="2023-10-20T06:45:44 IST" skipped="0">
  <testcase classname="oct19th.WaitsDemo3" name="waitsTest" time="37.501"/>
</testsuite> <!-- oct19th.WaitsDemo3 -->
