<?xml version="1.0" encoding="UTF-8"?>
<!-- Generated by org.testng.reporters.JUnitReportReporter -->
<testsuite hostname="Puppy" failures="0" tests="1" name="oct17th.AlertHandling" time="7.302" errors="0" timestamp="2023-10-18T15:00:04 IST" skipped="0">
  <testcase classname="oct17th.AlertHandling" name="alertTest" time="7.302"/>
</testsuite> <!-- oct17th.AlertHandling -->
