<?xml version="1.0" encoding="UTF-8"?>
<!-- Generated by org.testng.reporters.JUnitReportReporter -->
<testsuite hostname="Puppy" failures="0" tests="1" name="oct18th.ScrollDemo" time="7.019" errors="0" timestamp="2023-10-23T07:14:18 IST" skipped="0">
  <testcase classname="oct18th.ScrollDemo" name="scrollTest" time="7.019"/>
</testsuite> <!-- oct18th.ScrollDemo -->
