<?xml version="1.0" encoding="UTF-8"?>
<!-- Generated by org.testng.reporters.JUnitReportReporter -->
<testsuite hostname="Puppy" failures="0" tests="4" name="oct11th.AdactinHomePage2" time="0.027" errors="0" timestamp="2023-10-12T07:33:05 IST" skipped="0">
  <testcase classname="oct11th.AdactinHomePage2" name="registrationTest" time="0.018"/>
  <testcase classname="oct11th.AdactinHomePage2" name="loginTest" time="0.003"/>
  <testcase classname="oct11th.AdactinHomePage2" name="forgotPasswordTest" time="0.003"/>
  <testcase classname="oct11th.AdactinHomePage2" name="changePasswordTest" time="0.003"/>
</testsuite> <!-- oct11th.AdactinHomePage2 -->
