<?xml version="1.0" encoding="UTF-8"?>
<!-- Generated by org.testng.reporters.JUnitReportReporter -->
<testsuite hostname="Puppy" failures="0" tests="1" name="oct19th.StaticWebTable2" time="68.633" errors="0" timestamp="2023-10-20T20:06:35 IST" skipped="0">
  <testcase classname="oct19th.StaticWebTable2" name="webTableTest" time="68.633"/>
</testsuite> <!-- oct19th.StaticWebTable2 -->
